============================= test session starts =============================
platform win32 -- Python 3.14.5, pytest-8.4.2, pluggy-1.6.0 -- C:\Users\MrSp\AppData\Local\Python\pythoncore-3.14-64\python.exe
cachedir: .pytest_cache
hypothesis profile 'default'
rootdir: C:\Users\MrSp\Desktop\Projects-2026\LifeGraph\backend
configfile: pyproject.toml
plugins: hypothesis-6.155.0, cov-5.0.0
collecting ... collected 64 items

tests/test_api_nodes_edges.py::TestCreateNode::test_create_valid_node PASSED [  1%]
tests/test_api_nodes_edges.py::TestCreateNode::test_create_node_with_attributes PASSED [  3%]
tests/test_api_nodes_edges.py::TestCreateNode::test_create_node_trims_label PASSED [  4%]
tests/test_api_nodes_edges.py::TestCreateNode::test_reject_empty_label PASSED [  6%]
tests/test_api_nodes_edges.py::TestCreateNode::test_reject_whitespace_only_label PASSED [  7%]
tests/test_api_nodes_edges.py::TestCreateNode::test_reject_label_over_100_chars PASSED [  9%]
tests/test_api_nodes_edges.py::TestCreateNode::test_reject_invalid_type PASSED [ 10%]
tests/test_api_nodes_edges.py::TestCreateNode::test_label_exactly_100_chars_accepted PASSED [ 12%]
tests/test_api_nodes_edges.py::TestUpdateNode::test_update_label PASSED  [ 14%]
tests/test_api_nodes_edges.py::TestUpdateNode::test_update_type PASSED   [ 15%]
tests/test_api_nodes_edges.py::TestUpdateNode::test_update_attributes PASSED [ 17%]
tests/test_api_nodes_edges.py::TestUpdateNode::test_update_nonexistent_node_returns_404 PASSED [ 18%]
tests/test_api_nodes_edges.py::TestUpdateNode::test_update_rejects_invalid_type PASSED [ 20%]
tests/test_api_nodes_edges.py::TestUpdateNode::test_update_rejects_empty_label PASSED [ 21%]
tests/test_api_nodes_edges.py::TestUpdateNode::test_update_rejects_label_over_100 PASSED [ 23%]
tests/test_api_nodes_edges.py::TestDeleteNode::test_delete_node_returns_deleted_edge_ids PASSED [ 25%]
tests/test_api_nodes_edges.py::TestDeleteNode::test_delete_node_with_no_edges PASSED [ 26%]
tests/test_api_nodes_edges.py::TestDeleteNode::test_delete_nonexistent_node_returns_404 PASSED [ 28%]
tests/test_api_nodes_edges.py::TestGetNodeEdges::test_returns_edge_count PASSED [ 29%]
tests/test_api_nodes_edges.py::TestGetNodeEdges::test_node_with_no_edges PASSED [ 31%]
tests/test_api_nodes_edges.py::TestGetNodeEdges::test_nonexistent_node_returns_404 PASSED [ 32%]
tests/test_api_nodes_edges.py::TestCreateEdge::test_create_valid_edge PASSED [ 34%]
tests/test_api_nodes_edges.py::TestCreateEdge::test_reject_invalid_edge_type PASSED [ 35%]
tests/test_api_nodes_edges.py::TestCreateEdge::test_reject_self_edge PASSED [ 37%]
tests/test_api_nodes_edges.py::TestCreateEdge::test_reject_missing_source_node PASSED [ 39%]
tests/test_api_nodes_edges.py::TestCreateEdge::test_reject_missing_target_node PASSED [ 40%]
tests/test_api_nodes_edges.py::TestUpdateEdge::test_update_edge_type PASSED [ 42%]
tests/test_api_nodes_edges.py::TestUpdateEdge::test_reject_invalid_edge_type PASSED [ 43%]
tests/test_api_nodes_edges.py::TestUpdateEdge::test_update_nonexistent_edge_returns_404 PASSED [ 45%]
tests/test_api_nodes_edges.py::TestDeleteEdge::test_delete_edge_returns_204 PASSED [ 46%]
tests/test_api_nodes_edges.py::TestDeleteEdge::test_delete_edge_preserves_nodes PASSED [ 48%]
tests/test_api_nodes_edges.py::TestDeleteEdge::test_delete_nonexistent_edge_returns_404 PASSED [ 50%]
tests/test_api.py::TestCreateApp::test_creates_flask_app PASSED          [ 51%]
tests/test_api.py::TestCreateApp::test_store_is_attached PASSED          [ 53%]
tests/test_api.py::TestCreateApp::test_testing_mode PASSED               [ 54%]
tests/test_api.py::TestCreateApp::test_default_db_path_used_when_not_provided PASSED [ 56%]
tests/test_api.py::TestSerializeNode::test_basic_node PASSED             [ 57%]
tests/test_api.py::TestSerializeNode::test_node_with_attributes PASSED   [ 59%]
tests/test_api.py::TestSerializeNode::test_all_node_types_serialize PASSED [ 60%]
tests/test_api.py::TestSerializeEdge::test_basic_edge PASSED             [ 62%]
tests/test_api.py::TestSerializeEdge::test_all_edge_types_serialize PASSED [ 64%]
tests/test_api.py::TestSerializeGraph::test_empty_graph PASSED           [ 65%]
tests/test_api.py::TestSerializeGraph::test_graph_with_data PASSED       [ 67%]
tests/test_api.py::TestErrorEnvelope::test_basic_envelope PASSED         [ 68%]
tests/test_api.py::TestErrorEnvelope::test_envelope_with_details PASSED  [ 70%]
tests/test_api.py::TestErrorEnvelope::test_envelope_without_details_omits_key PASSED [ 71%]
tests/test_api.py::TestErrorHandlers::test_validation_error_returns_400 PASSED [ 73%]
tests/test_api.py::TestErrorHandlers::test_label_validation_error_returns_400 PASSED [ 75%]
tests/test_api.py::TestErrorHandlers::test_date_validation_error_returns_400 PASSED [ 76%]
tests/test_api.py::TestErrorHandlers::test_attribute_validation_error_returns_400 PASSED [ 78%]
tests/test_api.py::TestErrorHandlers::test_storage_error_returns_500 PASSED [ 79%]
tests/test_api.py::TestErrorHandlers::test_ollama_unavailable_returns_502 PASSED [ 81%]
tests/test_api.py::TestErrorHandlers::test_ollama_timeout_returns_504 PASSED [ 82%]
tests/test_api.py::TestErrorHandlers::test_external_connection_returns_403 PASSED [ 84%]
tests/test_api.py::TestErrorHandlers::test_404_returns_standard_envelope PASSED [ 85%]
tests/test_api.py::TestIndexRoute::test_returns_html PASSED              [ 87%]
tests/test_api.py::TestIndexRoute::test_html_contains_vis_js PASSED      [ 89%]
tests/test_api.py::TestIndexRoute::test_html_contains_app_js PASSED      [ 90%]
tests/test_api.py::TestGetGraphRoute::test_returns_json PASSED           [ 92%]
tests/test_api.py::TestGetGraphRoute::test_empty_graph_structure PASSED  [ 93%]
tests/test_api.py::TestGetGraphRoute::test_returns_all_nodes_and_edges PASSED [ 95%]
tests/test_api.py::TestGetGraphRoute::test_node_json_shape PASSED        [ 96%]
tests/test_api.py::TestGetGraphRoute::test_node_with_attributes_json PASSED [ 98%]
tests/test_api.py::TestGetGraphRoute::test_edge_json_shape PASSED        [100%]

============================= 64 passed in 2.34s ==============================
